<?xml version="1.0" encoding="UTF-8"?>
<!-- Generated by org.testng.reporters.JUnitXMLReporter -->
<testsuite hostname="CCCNYC01AXA" name="Default test" tests="4" failures="0" timestamp="9 Mar 2015 20:03:58 GMT" time="89.125" errors="0">
  <testcase name="GoToHomePage" time="3.484" classname="iHeartPackage.iheartSignUp"/>
  <testcase name="SelectGenres" time="39.681" classname="iHeartPackage.iheartSignUp"/>
  <testcase name="SignUp" time="4.23" classname="iHeartPackage.iheartSignUp"/>
  <testcase name="MyStations" time="24.361" classname="iHeartPackage.iheartSignUp"/>
</testsuite> <!-- Default test -->
